2024-12-13 10:11:09,158 - INFO - 程序启动
2024-12-13 10:11:14,181 - INFO - 正在启动浏览器，user_id: kr47af7
2024-12-13 10:11:14,181 - INFO - 开始处理商店: Handle Financial, Inc. (环境ID: kr47af7)
2024-12-13 10:11:17,600 - INFO - 浏览器启动成功，信息: {
  "selenium_address": "http://127.0.0.1:53736",
  "debug_port": "53736",
  "user_id": "kr47af7",
  "webdriver": "C:\\Users\\Administrator\\AppData\\Roaming\\adspower_global\\cwd_global\\chrome_130\\chromedriver.exe",
  "puppeteer_ws": "ws://127.0.0.1:53736/devtools/browser/19b8e9d0-d565-4be5-ab18-a8347170f1dc"
}
2024-12-13 10:11:17,601 - ERROR - 连接到浏览器失败: 'NoneType' object has no attribute 'to_capabilities'
2024-12-13 10:11:17,602 - ERROR - selenium_address: http://127.0.0.1:53736
2024-12-13 10:11:17,602 - ERROR - 详细错误信息:
Traceback (most recent call last):
  File "e:\soft\121301\shopify_register\core\browser\adspower.py", line 179, in start_browser_by_id
    self.driver = webdriver.Remote(
                  ~~~~~~~~~~~~~~~~^
        command_executor=selenium_address
        ^^^^^^^^^^^^^^^^^^^^^^^^^^^^^^^^^
    )
    ^
  File "C:\Users\Administrator\AppData\Local\Programs\Python\Python313\Lib\site-packages\selenium\webdriver\remote\webdriver.py", line 218, in __init__
    capabilities = options.to_capabilities()
                   ^^^^^^^^^^^^^^^^^^^^^^^
AttributeError: 'NoneType' object has no attribute 'to_capabilities'
2024-12-13 10:11:17,606 - INFO - 浏览器 kr47af7 已经关闭
2024-12-13 10:11:17,607 - INFO - 任务完成
