2024-12-15 00:38:48,178 - INFO - 开始执行自动化流程...
2024-12-15 00:38:48,405 - INFO - 开始处理商店: Handle Financial, Inc.
2024-12-15 00:38:48,517 - INFO - 正在启动浏览器: test002 (ID: kr6yf9l)
2024-12-15 00:38:51,922 - INFO - 成功创建WebDriver实例
2024-12-15 00:38:51,922 - INFO - 开始Gmail登录流程...
2024-12-15 00:39:01,346 - INFO - 正在输入邮箱...
2024-12-15 00:39:08,983 - INFO - 正在输入密码...
2024-12-15 00:39:12,406 - ERROR - 检查AdsPower Cookie失败: Expecting value: line 1 column 1 (char 0)
2024-12-15 00:39:25,676 - INFO - 通过Cookie检测到登录成功
2024-12-15 00:39:25,676 - INFO - 第1次快速检测登录成功
2024-12-15 00:39:26,682 - ERROR - 检查AdsPower Cookie失败: Expecting value: line 1 column 1 (char 0)
2024-12-15 00:39:26,693 - INFO - 通过Cookie检测到登录成功
2024-12-15 00:39:26,693 - INFO - 第2次快速检测登录成功
2024-12-15 00:39:27,696 - ERROR - 检查AdsPower Cookie失败: Expecting value: line 1 column 1 (char 0)
2024-12-15 00:39:27,704 - INFO - 通过Cookie检测到登录成功
2024-12-15 00:39:27,704 - INFO - 第3次快速检测登录成功
2024-12-15 00:39:29,731 - INFO - Gmail登录成功，重新连接浏览器...
2024-12-15 00:39:29,732 - INFO - 尝试重新连接到浏览器...
2024-12-15 00:39:30,263 - INFO - 成功重新连接到浏览器
2024-12-15 00:39:30,267 - INFO - 浏览器重连成功
2024-12-15 00:39:30,267 - INFO - 开始Shopify注册流程...
2024-12-15 00:39:30,272 - INFO - 开始Shopify注册流程...
2024-12-15 00:39:43,850 - INFO - 已打开Shopify注册页面: https://www.shopify.com/free-trial
2024-12-15 00:39:46,896 - INFO - 找到'Start free trial'按钮
2024-12-15 00:39:53,585 - INFO - 已点击'Start free trial'按钮
2024-12-15 00:39:55,586 - INFO - 等待注册页面加载...
2024-12-15 00:40:29,699 - ERROR - 等待注册页面元素超时
2024-12-15 00:40:29,699 - ERROR - Shopify注册失败
