2024-12-15 02:33:00,768 - INFO - 开始执行自动化流程...
2024-12-15 02:33:00,953 - INFO - 开始处理商店: Handle Financial, Inc.
2024-12-15 02:33:01,057 - INFO - 正在启动浏览器: test002 (ID: kr744jl)
2024-12-15 02:33:04,130 - INFO - 成功创建WebDriver实例
2024-12-15 02:33:04,130 - INFO - 开始Gmail登录流程...
2024-12-15 02:33:12,550 - INFO - 正在输入邮箱...
2024-12-15 02:33:16,047 - INFO - 等待密码输入页面...
2024-12-15 02:33:18,643 - INFO - 正在输入密码...
2024-12-15 02:33:28,380 - INFO - 开始第1次页面状态检测...
2024-12-15 02:33:32,539 - INFO - 检测到辅助邮箱确认选项: //div[contains(@class, 'l5PPKe') and contains(text(), 'Confirm your recovery email')]
2024-12-15 02:33:32,540 - INFO - 检测到'Verify it's you'页面，点击'Confirm your recovery email'...
2024-12-15 02:33:34,625 - INFO - 等待辅助邮箱输入框...
2024-12-15 02:33:35,858 - INFO - 已输入辅助邮箱: surbakti.dmalayah8653@hotmail.com
2024-12-15 02:33:36,912 - INFO - 已提交辅助邮箱
2024-12-15 02:33:39,913 - INFO - 检查登录状态...
2024-12-15 02:33:39,916 - ERROR - 检查AdsPower Cookie失败: Expecting value: line 1 column 1 (char 0)
2024-12-15 02:33:49,823 - INFO - 通过Cookie检测到登录成功
2024-12-15 02:33:49,823 - INFO - 检测到已成功登录
2024-12-15 02:33:51,856 - INFO - Gmail登录成功，重新连接浏览器...
2024-12-15 02:33:51,857 - INFO - 尝试重新连接到浏览器...
2024-12-15 02:33:52,387 - INFO - 成功重新连接到浏览器
2024-12-15 02:33:52,391 - INFO - 浏览器重连成功
2024-12-15 02:33:52,392 - INFO - 开始Shopify注册流程...
2024-12-15 02:33:52,396 - INFO - 开始Shopify注册流程...
2024-12-15 02:33:56,661 - INFO - 已打开Shopify注册页面: https://www.shopify.com/free-trial
2024-12-15 02:33:59,693 - INFO - 找到'Start free trial'按钮
2024-12-15 02:34:05,701 - INFO - 已点击'Start free trial'按钮
2024-12-15 02:34:07,703 - INFO - 等待Cloudflare验证...
2024-12-15 02:34:07,704 - INFO - 等待Cloudflare验证...
2024-12-15 02:34:26,017 - INFO - Cloudflare验证通过，已进入注册页面
2024-12-15 02:34:29,017 - INFO - Cloudflare验证完成
2024-12-15 02:34:33,160 - INFO - 找到'Sign up with email'按钮 (使用选择器: //*[normalize-space()='Sign up with email'])
2024-12-15 02:34:36,003 - INFO - 已点击'Sign up with email'按钮
2024-12-15 02:34:38,004 - INFO - 等待注册表单加载...
2024-12-15 02:34:38,044 - INFO - 准备输入邮箱...
2024-12-15 02:34:38,169 - INFO - 已输入邮箱: ParshallQuicksey@gmail.com
2024-12-15 02:34:39,171 - INFO - 准备输入密码...
2024-12-15 02:34:39,270 - INFO - 密码已输入
2024-12-15 02:34:40,270 - INFO - 检查是否存在hCaptcha验证...
2024-12-15 02:34:40,292 - INFO - 检测到hCaptcha，等待验证码页面关闭...
2024-12-15 02:35:40,313 - ERROR - 等待验证码页面关闭超时
2024-12-15 02:35:40,314 - ERROR - Shopify注册失败
