2024-12-13 11:11:34,495 - INFO - 程序启动
2024-12-13 11:11:39,196 - INFO - 开始处理商店: Handle Financial, Inc. (环境ID: test001)
2024-12-13 11:11:39,313 - INFO - 浏览器 kr47af7 状态: 未运行
2024-12-13 11:11:39,314 - INFO - 正在启动浏览器，user_id: kr47af7
2024-12-13 11:11:39,314 - INFO - 正在启动浏览器: test001 (ID: kr47af7)
2024-12-13 11:11:42,985 - INFO - 浏览器启动成功，信息: {
  "selenium_address": "127.0.0.1:58575",
  "webdriver": "C:\\Users\\Administrator\\AppData\\Roaming\\adspower_global\\cwd_global\\chrome_130\\chromedriver.exe",
  "user_id": "kr47af7",
  "debug_port": "58575",
  "puppeteer_ws": "ws://127.0.0.1:58575/devtools/browser/6807b45e-6aed-4cfa-969b-0204ac31f286"
}
2024-12-13 11:11:42,990 - INFO - 正在启动浏览器，user_id: kr47af7
2024-12-13 11:11:42,991 - INFO - 浏览器启动成功
2024-12-13 11:11:43,523 - INFO - 浏览器启动成功，信息: {
  "selenium_address": "127.0.0.1:58575",
  "webdriver": "C:\\Users\\Administrator\\AppData\\Roaming\\adspower_global\\cwd_global\\chrome_130\\chromedriver.exe",
  "user_id": "kr47af7",
  "debug_port": "58575",
  "puppeteer_ws": "ws://127.0.0.1:58575/devtools/browser/6807b45e-6aed-4cfa-969b-0204ac31f286"
}
2024-12-13 11:11:51,833 - INFO - 正在输入邮箱...
2024-12-13 11:11:59,324 - INFO - 正在输入密码...
2024-12-13 11:11:59,348 - INFO - 未找到显示密码复选框
2024-12-13 11:12:17,861 - INFO - 检查是否需要验证辅助邮箱...
2024-12-13 11:12:17,862 - ERROR - Google登录失败: WebDriverWait.until() got an unexpected keyword argument 'timeout'
2024-12-13 11:12:17,880 - INFO - 已更新商店 Handle Financial, Inc. 的状态为: failed
