2024-12-15 01:12:59,018 - INFO - 开始执行自动化流程...
2024-12-15 01:12:59,205 - INFO - 开始处理商店: Handle Financial, Inc.
2024-12-15 01:12:59,319 - INFO - 正在启动浏览器: test002 (ID: kr70ycc)
2024-12-15 01:13:03,266 - INFO - 成功创建WebDriver实例
2024-12-15 01:13:03,267 - INFO - 开始Gmail登录流程...
2024-12-15 01:13:15,210 - INFO - 正在输入邮箱...
2024-12-15 01:13:18,712 - INFO - 等待密码输入页面...
2024-12-15 01:13:22,887 - INFO - 正在输入密码...
2024-12-15 01:13:32,626 - INFO - 开始第1次页面状态检测...
2024-12-15 01:13:32,629 - ERROR - 检查AdsPower Cookie失败: Expecting value: line 1 column 1 (char 0)
2024-12-15 01:13:48,523 - INFO - 通过Cookie检测到登录成功
2024-12-15 01:13:48,524 - INFO - 检测到已成功登录
2024-12-15 01:13:50,557 - INFO - Gmail登录成功，重新连接浏览器...
2024-12-15 01:13:50,557 - INFO - 尝试重新连接到浏览器...
2024-12-15 01:13:51,086 - INFO - 成功重新连接到浏览器
2024-12-15 01:13:51,090 - INFO - 浏览器重连成功
2024-12-15 01:13:51,091 - INFO - 开始Shopify注册流程...
2024-12-15 01:13:51,095 - INFO - 开始Shopify注册流程...
2024-12-15 01:14:08,244 - INFO - 已打开Shopify注册页面: https://www.shopify.com/free-trial
2024-12-15 01:14:11,279 - INFO - 找到'Start free trial'按钮
2024-12-15 01:14:19,526 - INFO - 已点击'Start free trial'按钮
2024-12-15 01:14:42,081 - INFO - 找到'Sign up with email'按钮 (使用选择器: //*[normalize-space()='Sign up with email'])
2024-12-15 01:14:45,771 - INFO - 已点击'Sign up with email'按钮
2024-12-15 01:14:47,772 - INFO - 开始等待验证码处理...
2024-12-15 01:14:47,772 - INFO - 检查是否需要处理谷歌验证...
2024-12-15 01:14:47,786 - INFO - 检测到谷歌验证，等待插件处理...
2024-12-15 01:16:28,269 - ERROR - 谷歌验证等待超时
2024-12-15 01:16:28,270 - ERROR - Shopify注册失败
