2024-12-14 23:44:13,660 - INFO - 开始执行自动化流程...
2024-12-14 23:44:13,859 - INFO - 开始处理商店: Handle Financial, Inc.
2024-12-14 23:44:13,961 - INFO - 正在启动浏览器: test002 (ID: kr6w46i)
2024-12-14 23:44:17,412 - INFO - 成功创建WebDriver实例
2024-12-14 23:44:17,413 - INFO - 开始Gmail登录流程...
2024-12-14 23:44:27,419 - INFO - 正在输入邮箱...
2024-12-14 23:44:35,061 - INFO - 正在输入密码...
2024-12-14 23:44:38,471 - ERROR - 检查AdsPower Cookie失败: Expecting value: line 1 column 1 (char 0)
2024-12-14 23:44:52,709 - INFO - 通过Cookie检测到登录成功
2024-12-14 23:44:52,709 - INFO - 第1次快速检测登录成功
2024-12-14 23:44:53,712 - ERROR - 检查AdsPower Cookie失败: Expecting value: line 1 column 1 (char 0)
2024-12-14 23:44:53,723 - INFO - 通过Cookie检测到登录成功
2024-12-14 23:44:53,723 - INFO - 第2次快速检测登录成功
2024-12-14 23:44:54,727 - ERROR - 检查AdsPower Cookie失败: Expecting value: line 1 column 1 (char 0)
2024-12-14 23:44:54,734 - INFO - 通过Cookie检测到登录成功
2024-12-14 23:44:54,735 - INFO - 第3次快速检测登录成功
2024-12-14 23:44:56,761 - INFO - Gmail登录成功，重新连接浏览器...
2024-12-14 23:44:56,762 - INFO - 尝试重新连接到浏览器...
2024-12-14 23:44:57,298 - INFO - 成功重新连接到浏览器
2024-12-14 23:44:57,302 - INFO - 浏览器重连成功
2024-12-14 23:44:57,302 - INFO - 开始Shopify注册流程...
2024-12-14 23:44:57,309 - INFO - 开始Shopify注册流程...
2024-12-14 23:45:04,868 - INFO - 点击Start free trial按钮...
2024-12-14 23:45:11,275 - INFO - 等待Cloudflare验证...
2024-12-14 23:45:11,285 - INFO - 检测到注册页面URL，等待页面加载...
2024-12-14 23:45:30,285 - INFO - 检测到页面标题: Start your free trial
2024-12-14 23:48:02,539 - ERROR - 未找到邮箱注册按钮
2024-12-14 23:48:02,539 - ERROR - Shopify注册失败
