2024-12-13 11:21:50,983 - INFO - 程序启动
2024-12-13 11:21:55,182 - INFO - 开始处理商店: Handle Financial, Inc. (环境ID: test001)
2024-12-13 11:21:55,312 - INFO - 浏览器 kr4e13c 状态: 未运行
2024-12-13 11:21:55,312 - INFO - 正在启动浏览器，user_id: kr4e13c
2024-12-13 11:21:55,313 - INFO - 正在启动浏览器: test001 (ID: kr4e13c)
2024-12-13 11:21:58,815 - INFO - 浏览器启动成功，信息: {
  "selenium_address": "127.0.0.1:59325",
  "webdriver": "C:\\Users\\Administrator\\AppData\\Roaming\\adspower_global\\cwd_global\\chrome_130\\chromedriver.exe",
  "user_id": "kr4e13c",
  "debug_port": "59325",
  "puppeteer_ws": "ws://127.0.0.1:59325/devtools/browser/8d7fd5ef-4710-478b-aac7-edf2d346e131"
}
2024-12-13 11:21:58,817 - INFO - 正在启动浏览器，user_id: kr4e13c
2024-12-13 11:21:58,817 - INFO - 浏览器启动成功
2024-12-13 11:21:59,353 - INFO - 浏览器启动成功，信息: {
  "selenium_address": "127.0.0.1:59325",
  "webdriver": "C:\\Users\\Administrator\\AppData\\Roaming\\adspower_global\\cwd_global\\chrome_130\\chromedriver.exe",
  "user_id": "kr4e13c",
  "debug_port": "59325",
  "puppeteer_ws": "ws://127.0.0.1:59325/devtools/browser/8d7fd5ef-4710-478b-aac7-edf2d346e131"
}
2024-12-13 11:22:08,394 - ERROR - Google登录失败: WebDriverWait.until() got an unexpected keyword argument 'timeout'
2024-12-13 11:22:08,412 - INFO - 已更新商店 Handle Financial, Inc. 的状态为: failed
