2024-12-15 01:05:53,149 - INFO - 开始执行自动化流程...
2024-12-15 01:05:53,338 - INFO - 开始处理商店: Handle Financial, Inc.
2024-12-15 01:05:53,441 - INFO - 正在启动浏览器: test002 (ID: kr70mds)
2024-12-15 01:05:57,706 - INFO - 成功创建WebDriver实例
2024-12-15 01:05:57,706 - INFO - 开始Gmail登录流程...
2024-12-15 01:06:09,100 - INFO - 正在输入邮箱...
2024-12-15 01:06:12,602 - INFO - 等待密码输入页面...
2024-12-15 01:06:16,213 - INFO - 正在输入密码...
2024-12-15 01:06:25,956 - INFO - 开始第1次页面状态检测...
2024-12-15 01:06:25,963 - ERROR - 检查AdsPower Cookie失败: Expecting value: line 1 column 1 (char 0)
2024-12-15 01:06:30,291 - ERROR - 检查AdsPower Cookie失败: Expecting value: line 1 column 1 (char 0)
2024-12-15 01:06:34,602 - ERROR - 检查AdsPower Cookie失败: Expecting value: line 1 column 1 (char 0)
2024-12-15 01:06:38,719 - INFO - 已完成3次页面检测
2024-12-15 01:06:38,719 - ERROR - 页面检测完成，未找到匹配的页面状态
2024-12-15 01:06:38,719 - INFO - 等待1秒后进行下一次检测...
2024-12-15 01:06:39,720 - INFO - 开始第2次页面状态检测...
2024-12-15 01:06:39,723 - ERROR - 检查AdsPower Cookie失败: Expecting value: line 1 column 1 (char 0)
2024-12-15 01:06:44,043 - ERROR - 检查AdsPower Cookie失败: Expecting value: line 1 column 1 (char 0)
2024-12-15 01:06:48,361 - ERROR - 检查AdsPower Cookie失败: Expecting value: line 1 column 1 (char 0)
2024-12-15 01:06:52,467 - INFO - 已完成3次页面检测
2024-12-15 01:06:52,468 - ERROR - 页面检测完成，未找到匹配的页面状态
2024-12-15 01:06:52,468 - INFO - 等待1秒后进行下一次检测...
2024-12-15 01:06:53,469 - INFO - 开始第3次页面状态检测...
2024-12-15 01:06:53,472 - ERROR - 检查AdsPower Cookie失败: Expecting value: line 1 column 1 (char 0)
2024-12-15 01:06:57,781 - ERROR - 检查AdsPower Cookie失败: Expecting value: line 1 column 1 (char 0)
2024-12-15 01:07:02,084 - ERROR - 检查AdsPower Cookie失败: Expecting value: line 1 column 1 (char 0)
2024-12-15 01:07:06,188 - INFO - 已完成3次页面检测
2024-12-15 01:07:06,188 - ERROR - 页面检测完成，未找到匹配的页面状态
2024-12-15 01:07:06,189 - ERROR - 所有检测尝试都失败
2024-12-15 01:07:08,217 - ERROR - Gmail登录失败
