2024-12-15 01:01:16,335 - INFO - 开始执行自动化流程...
2024-12-15 01:01:16,581 - INFO - 开始处理商店: Handle Financial, Inc.
2024-12-15 01:01:16,696 - INFO - 正在启动浏览器: test002 (ID: kr709kp)
2024-12-15 01:01:20,028 - INFO - 成功创建WebDriver实例
2024-12-15 01:01:20,028 - INFO - 开始Gmail登录流程...
2024-12-15 01:01:26,661 - INFO - 正在输入邮箱...
2024-12-15 01:01:30,161 - INFO - 等待密码输入页面...
2024-12-15 01:01:30,225 - INFO - 正在输入密码...
2024-12-15 01:01:39,987 - INFO - 开始第1次页面状态检测...
2024-12-15 01:01:39,990 - ERROR - 检查AdsPower Cookie失败: Expecting value: line 1 column 1 (char 0)
2024-12-15 01:01:51,755 - INFO - 通过Cookie检测到登录成功
2024-12-15 01:01:51,756 - INFO - 检测到已成功登录
2024-12-15 01:01:53,787 - INFO - Gmail登录成功，重新连接浏览器...
2024-12-15 01:01:53,788 - INFO - 尝试重新连接到浏览器...
2024-12-15 01:01:54,403 - INFO - 成功重新连接到浏览器
2024-12-15 01:01:54,407 - INFO - 浏览器重连成功
2024-12-15 01:01:54,408 - INFO - 开始Shopify注册流程...
2024-12-15 01:01:54,412 - INFO - 开始Shopify注册流程...
2024-12-15 01:02:09,289 - INFO - 已打开Shopify注册页面: https://www.shopify.com/free-trial
2024-12-15 01:02:12,324 - INFO - 找到'Start free trial'按钮
2024-12-15 01:02:18,724 - INFO - 已点击'Start free trial'按钮
2024-12-15 01:02:58,461 - ERROR - 未找到'Sign up with email'按钮，已尝试所有可能的定位方式
2024-12-15 01:02:58,470 - ERROR - Shopify注册失败
