2024-12-15 02:02:29,392 - INFO - 开始执行自动化流程...
2024-12-15 02:02:29,618 - INFO - 开始处理商店: Handle Financial, Inc.
2024-12-15 02:02:29,711 - INFO - 正在启动浏览器: test002 (ID: kr7340i)
2024-12-15 02:02:32,869 - INFO - 成功创建WebDriver实例
2024-12-15 02:02:32,870 - INFO - 开始Gmail登录流程...
2024-12-15 02:02:40,882 - INFO - 正在输入邮箱...
2024-12-15 02:02:44,391 - INFO - 等待密码输入页面...
2024-12-15 02:02:45,465 - INFO - 正在输入密码...
2024-12-15 02:02:55,210 - INFO - 开始第1次页面状态检测...
2024-12-15 02:03:22,187 - ERROR - 检查AdsPower Cookie失败: Expecting value: line 1 column 1 (char 0)
2024-12-15 02:03:22,193 - INFO - 通过Cookie检测到登录成功
2024-12-15 02:03:22,194 - INFO - 检测到已成功登录
2024-12-15 02:03:24,224 - INFO - Gmail登录成功，重新连接浏览器...
2024-12-15 02:03:24,224 - INFO - 尝试重新连接到浏览器...
2024-12-15 02:03:24,766 - INFO - 成功重新连接到浏览器
2024-12-15 02:03:24,771 - INFO - 浏览器重连成功
2024-12-15 02:03:24,771 - INFO - 开始Shopify注册流程...
2024-12-15 02:03:24,777 - INFO - 开始Shopify注册流程...
2024-12-15 02:03:28,558 - INFO - 已打开Shopify注册页面: https://www.shopify.com/free-trial
2024-12-15 02:03:31,592 - INFO - 找到'Start free trial'按钮
2024-12-15 02:03:36,918 - INFO - 已点击'Start free trial'按钮
2024-12-15 02:03:38,919 - INFO - 等待Cloudflare验证...
2024-12-15 02:03:38,920 - INFO - 等待Cloudflare验证...
2024-12-15 02:03:50,805 - INFO - Cloudflare验证通过，已进入注册页面
2024-12-15 02:03:53,807 - INFO - Cloudflare验证完成
2024-12-15 02:03:57,945 - INFO - 找到'Sign up with email'按钮 (使用选择器: //*[normalize-space()='Sign up with email'])
2024-12-15 02:04:00,587 - INFO - 已点击'Sign up with email'按钮
2024-12-15 02:04:02,588 - INFO - 等待注册表单加载...
2024-12-15 02:04:02,630 - INFO - 准备输入邮箱...
2024-12-15 02:04:02,767 - INFO - 已输入邮箱: ParshallQuicksey@gmail.com
2024-12-15 02:04:03,768 - INFO - 准备输入密码...
2024-12-15 02:04:03,873 - INFO - 密码已输入
2024-12-15 02:04:04,875 - INFO - 等待Create Shopify account按钮可点击...
2024-12-15 02:05:45,995 - ERROR - 等待Create Shopify account按钮变为深色超时
2024-12-15 02:05:45,995 - ERROR - Shopify注册失败
