2024-12-15 01:30:24,505 - INFO - 开始执行自动化流程...
2024-12-15 01:30:24,698 - INFO - 开始处理商店: Handle Financial, Inc.
2024-12-15 01:30:24,816 - INFO - 正在启动浏览器: test002 (ID: kr71741)
2024-12-15 01:30:28,673 - INFO - 成功创建WebDriver实例
2024-12-15 01:30:28,674 - INFO - 开始Gmail登录流程...
2024-12-15 01:30:39,675 - INFO - 正在输入邮箱...
2024-12-15 01:30:43,175 - INFO - 等待密码输入页面...
2024-12-15 01:30:46,805 - INFO - 正在输入密码...
2024-12-15 01:30:56,551 - INFO - 开始第1次页面状态检测...
2024-12-15 01:31:00,713 - INFO - 检测到辅助邮箱确认选项: //div[contains(@class, 'l5PPKe') and contains(text(), 'Confirm your recovery email')]
2024-12-15 01:31:00,714 - INFO - 检测到'Verify it's you'页面，点击'Confirm your recovery email'...
2024-12-15 01:31:02,798 - INFO - 等待辅助邮箱输入框...
2024-12-15 01:31:04,032 - INFO - 已输入辅助邮箱: surbakti.dmalayah8653@hotmail.com
2024-12-15 01:31:05,081 - INFO - 已提交辅助邮箱
2024-12-15 01:31:07,083 - INFO - 开始第2次页面状态检测...
2024-12-15 01:31:45,376 - ERROR - 检查AdsPower Cookie失败: Expecting value: line 1 column 1 (char 0)
2024-12-15 01:31:45,382 - INFO - 通过Cookie检测到登录成功
2024-12-15 01:31:45,383 - INFO - 检测到已成功登录
2024-12-15 01:31:47,410 - INFO - Gmail登录成功，重新连接浏览器...
2024-12-15 01:31:47,411 - INFO - 尝试重新连接到浏览器...
2024-12-15 01:31:47,956 - INFO - 成功重新连接到浏览器
2024-12-15 01:31:47,960 - INFO - 浏览器重连成功
2024-12-15 01:31:47,960 - INFO - 开始Shopify注册流程...
2024-12-15 01:31:47,964 - INFO - 开始Shopify注册流程...
2024-12-15 01:32:01,519 - INFO - 已打开Shopify注册页面: https://www.shopify.com/free-trial
2024-12-15 01:32:04,553 - INFO - 找到'Start free trial'按钮
2024-12-15 01:32:04,687 - INFO - 已点击'Start free trial'按钮
2024-12-15 01:32:51,344 - ERROR - 未找到'Sign up with email'按钮，已尝试所有可能的定位方式
2024-12-15 01:32:51,351 - ERROR - Shopify注册失败
