2024-12-15 02:21:31,693 - INFO - 开始执行自动化流程...
2024-12-15 02:21:31,885 - INFO - 开始处理商店: Handle Financial, Inc.
2024-12-15 02:21:31,990 - INFO - 正在启动浏览器: test002 (ID: kr73qrt)
2024-12-15 02:21:35,140 - INFO - 成功创建WebDriver实例
2024-12-15 02:21:35,140 - INFO - 开始Gmail登录流程...
2024-12-15 02:21:44,951 - INFO - 正在输入邮箱...
2024-12-15 02:21:48,458 - INFO - 等待密码输入页面...
2024-12-15 02:21:51,077 - INFO - 正在输入密码...
2024-12-15 02:22:00,814 - INFO - 开始第1次页面状态检测...
2024-12-15 02:22:04,978 - INFO - 检测到辅助邮箱确认选项: //div[contains(@class, 'l5PPKe') and contains(text(), 'Confirm your recovery email')]
2024-12-15 02:22:04,980 - INFO - 检测到'Verify it's you'页面，点击'Confirm your recovery email'...
2024-12-15 02:22:07,063 - INFO - 等待辅助邮箱输入框...
2024-12-15 02:22:08,304 - INFO - 已输入辅助邮箱: surbakti.dmalayah8653@hotmail.com
2024-12-15 02:22:09,358 - INFO - 已提交辅助邮箱
2024-12-15 02:22:12,358 - INFO - 检查登录状态...
2024-12-15 02:22:12,361 - ERROR - 检查AdsPower Cookie失败: Expecting value: line 1 column 1 (char 0)
2024-12-15 02:22:22,982 - INFO - 通过Cookie检测到登录成功
2024-12-15 02:22:22,983 - INFO - 检测到已成功登录
2024-12-15 02:22:25,019 - INFO - Gmail登录成功，重新连接浏览器...
2024-12-15 02:22:25,019 - INFO - 尝试重新连接到浏览器...
2024-12-15 02:22:25,561 - INFO - 成功重新连接到浏览器
2024-12-15 02:22:25,570 - INFO - 浏览器重连成功
2024-12-15 02:22:25,570 - INFO - 开始Shopify注册流程...
2024-12-15 02:22:25,578 - INFO - 开始Shopify注册流程...
2024-12-15 02:22:29,796 - INFO - 已打开Shopify注册页面: https://www.shopify.com/free-trial
2024-12-15 02:22:32,833 - INFO - 找到'Start free trial'按钮
2024-12-15 02:22:38,736 - INFO - 已点击'Start free trial'按钮
2024-12-15 02:22:40,737 - INFO - 等待Cloudflare验证...
2024-12-15 02:22:40,738 - INFO - 等待Cloudflare验证...
2024-12-15 02:22:56,897 - INFO - Cloudflare验证通过，已进入注册页面
2024-12-15 02:22:59,898 - INFO - Cloudflare验证完成
2024-12-15 02:23:04,043 - INFO - 找到'Sign up with email'按钮 (使用选择器: //*[normalize-space()='Sign up with email'])
2024-12-15 02:23:06,664 - INFO - 已点击'Sign up with email'按钮
2024-12-15 02:23:08,665 - INFO - 等待注册表单加载...
2024-12-15 02:23:08,706 - INFO - 准备输入邮箱...
2024-12-15 02:23:08,830 - INFO - 已输入邮箱: ParshallQuicksey@gmail.com
2024-12-15 02:23:09,832 - INFO - 准备输入密码...
2024-12-15 02:23:09,930 - INFO - 密码已输入
2024-12-15 02:23:10,930 - INFO - 检查是否存在hCaptcha验证...
2024-12-15 02:23:10,952 - INFO - 检测到hCaptcha，等待插件处理...
2024-12-15 02:24:14,293 - ERROR - hCaptcha验证等待超时
2024-12-15 02:24:14,293 - ERROR - Shopify注册失败
