2024-12-15 01:38:13,951 - INFO - 开始执行自动化流程...
2024-12-15 01:38:14,147 - INFO - 开始处理商店: Handle Financial, Inc.
2024-12-15 01:38:14,256 - INFO - 正在启动浏览器: test002 (ID: kr7254l)
2024-12-15 01:38:18,464 - INFO - 成功创建WebDriver实例
2024-12-15 01:38:18,464 - INFO - 开始Gmail登录流程...
2024-12-15 01:38:29,352 - INFO - 正在输入邮箱...
2024-12-15 01:38:32,845 - INFO - 等待密码输入页面...
2024-12-15 01:38:35,943 - INFO - 正在输入密码...
2024-12-15 01:38:45,679 - INFO - 开始第1次页面状态检测...
2024-12-15 01:38:49,844 - INFO - 检测到辅助邮箱确认选项: //div[contains(@class, 'l5PPKe') and contains(text(), 'Confirm your recovery email')]
2024-12-15 01:38:49,845 - INFO - 检测到'Verify it's you'页面，点击'Confirm your recovery email'...
2024-12-15 01:38:51,931 - INFO - 等待辅助邮箱输入框...
2024-12-15 01:38:53,171 - INFO - 已输入辅助邮箱: surbakti.dmalayah8653@hotmail.com
2024-12-15 01:38:54,224 - INFO - 已提交辅助邮箱
2024-12-15 01:38:57,225 - INFO - 检查登录状态...
2024-12-15 01:38:57,227 - ERROR - 检查AdsPower Cookie失败: Expecting value: line 1 column 1 (char 0)
2024-12-15 01:39:11,926 - INFO - 通过Cookie检测到登录成功
2024-12-15 01:39:11,926 - INFO - 检测到已成功登录
2024-12-15 01:39:13,956 - INFO - Gmail登录成功，重新连接浏览器...
2024-12-15 01:39:13,957 - INFO - 尝试重新连接到浏览器...
2024-12-15 01:39:14,499 - INFO - 成功重新连接到浏览器
2024-12-15 01:39:14,503 - INFO - 浏览器重连成功
2024-12-15 01:39:14,503 - INFO - 开始Shopify注册流程...
2024-12-15 01:39:14,508 - INFO - 开始Shopify注册流程...
2024-12-15 01:39:20,209 - INFO - 已打开Shopify注册页面: https://www.shopify.com/free-trial
2024-12-15 01:39:23,268 - INFO - 找到'Start free trial'按钮
2024-12-15 01:39:31,044 - INFO - 已点击'Start free trial'按钮
2024-12-15 01:39:33,044 - INFO - 等待Cloudflare验证...
2024-12-15 01:39:33,045 - INFO - 等待Cloudflare验证...
2024-12-15 01:39:51,842 - INFO - Cloudflare验证通过，已进入注册页面
2024-12-15 01:39:54,843 - INFO - Cloudflare验证完成
2024-12-15 01:39:58,987 - INFO - 找到'Sign up with email'按钮 (使用选择器: //*[normalize-space()='Sign up with email'])
2024-12-15 01:40:02,557 - INFO - 已点击'Sign up with email'按钮
2024-12-15 01:40:04,558 - INFO - 开始等待验证码处理...
2024-12-15 01:40:04,559 - INFO - 检查是否需要处理谷歌验证...
2024-12-15 01:40:04,573 - INFO - 检测到谷歌验证，等待插件处理...
2024-12-15 01:41:45,019 - ERROR - 谷歌验证等待超时
2024-12-15 01:41:45,019 - ERROR - Shopify注册失败
