2024-12-15 01:49:32,088 - INFO - 开始执行自动化流程...
2024-12-15 01:49:32,282 - INFO - 开始处理商店: Handle Financial, Inc.
2024-12-15 01:49:32,401 - INFO - 正在启动浏览器: test002 (ID: kr72lik)
2024-12-15 01:49:36,613 - INFO - 成功创建WebDriver实例
2024-12-15 01:49:36,613 - INFO - 开始Gmail登录流程...
2024-12-15 01:49:47,431 - INFO - 正在输入邮箱...
2024-12-15 01:49:50,928 - INFO - 等待密码输入页面...
2024-12-15 01:49:53,506 - INFO - 正在输入密码...
2024-12-15 01:50:03,252 - INFO - 开始第1次页面状态检测...
2024-12-15 01:50:07,418 - INFO - 检测到辅助邮箱确认选项: //div[contains(@class, 'l5PPKe') and contains(text(), 'Confirm your recovery email')]
2024-12-15 01:50:07,420 - INFO - 检测到'Verify it's you'页面，点击'Confirm your recovery email'...
2024-12-15 01:50:09,514 - INFO - 等待辅助邮箱输入框...
2024-12-15 01:50:10,751 - INFO - 已输入辅助邮箱: surbakti.dmalayah8653@hotmail.com
2024-12-15 01:50:11,804 - INFO - 已提交辅助邮箱
2024-12-15 01:50:14,805 - INFO - 检查登录状态...
2024-12-15 01:50:14,808 - ERROR - 检查AdsPower Cookie失败: Expecting value: line 1 column 1 (char 0)
2024-12-15 01:50:28,637 - INFO - 通过Cookie检测到登录成功
2024-12-15 01:50:28,637 - INFO - 检测到已成功登录
2024-12-15 01:50:30,670 - INFO - Gmail登录成功，重新连接浏览器...
2024-12-15 01:50:30,671 - INFO - 尝试重新连接到浏览器...
2024-12-15 01:50:31,215 - INFO - 成功重新连接到浏览器
2024-12-15 01:50:31,221 - INFO - 浏览器重连成功
2024-12-15 01:50:31,221 - INFO - 开始Shopify注册流程...
2024-12-15 01:50:31,226 - INFO - 开始Shopify注册流程...
2024-12-15 01:50:36,195 - INFO - 已打开Shopify注册页面: https://www.shopify.com/free-trial
2024-12-15 01:50:39,227 - INFO - 找到'Start free trial'按钮
2024-12-15 01:50:46,297 - INFO - 已点击'Start free trial'按钮
2024-12-15 01:50:48,298 - INFO - 等待Cloudflare验证...
2024-12-15 01:50:48,298 - INFO - 等待Cloudflare验证...
2024-12-15 01:51:07,034 - INFO - Cloudflare验证通过，已进入注册页面
2024-12-15 01:51:10,035 - INFO - Cloudflare验证完成
2024-12-15 01:51:14,179 - INFO - 找到'Sign up with email'按钮 (使用选择器: //*[normalize-space()='Sign up with email'])
2024-12-15 01:51:17,739 - INFO - 已点击'Sign up with email'按钮
2024-12-15 01:51:19,740 - INFO - 等待注册表单加载...
2024-12-15 01:51:19,780 - INFO - 准备输入邮箱...
2024-12-15 01:51:19,902 - INFO - 已输入邮箱: ParshallQuicksey@gmail.com
2024-12-15 01:51:20,903 - INFO - 准备输入密码...
2024-12-15 01:51:21,003 - INFO - 密码已输入
2024-12-15 01:51:22,005 - INFO - 等待Create Shopify account按钮可点击...
2024-12-15 01:52:23,121 - ERROR - 等待Create Shopify account按钮可点击超时
2024-12-15 01:52:23,122 - ERROR - Shopify注册失败
