2024-12-13 13:27:53,844 - INFO - 开始执行自动化流程...
2024-12-13 13:27:54,033 - INFO - 开始处理商店: Handle Financial, Inc.
2024-12-13 13:27:54,162 - INFO - 正在启动浏览器: test002 (ID: kr4jph3)
2024-12-13 13:27:58,194 - INFO - 成功创建WebDriver实例
2024-12-13 13:27:58,194 - INFO - 开始Gmail登录流程...
2024-12-13 13:28:09,360 - INFO - 正在输入邮箱...
2024-12-13 13:28:16,968 - INFO - 正在输入密码...
2024-12-13 13:28:20,372 - ERROR - 检查AdsPower Cookie失败: Expecting value: line 1 column 1 (char 0)
2024-12-13 13:28:37,273 - INFO - 通过Cookie检测到登录成功
2024-12-13 13:28:37,274 - INFO - 第1次快速检测登录成功
2024-12-13 13:28:38,278 - ERROR - 检查AdsPower Cookie失败: Expecting value: line 1 column 1 (char 0)
2024-12-13 13:28:38,291 - INFO - 通过Cookie检测到登录成功
2024-12-13 13:28:38,291 - INFO - 第2次快速检测登录成功
2024-12-13 13:28:39,295 - ERROR - 检查AdsPower Cookie失败: Expecting value: line 1 column 1 (char 0)
2024-12-13 13:28:39,303 - INFO - 通过Cookie检测到登录成功
2024-12-13 13:28:39,303 - INFO - 第3次快速检测登录成功
2024-12-13 13:28:41,342 - INFO - Gmail登录成功，重新连接浏览器...
2024-12-13 13:28:41,342 - INFO - 尝试重新连接到浏览器...
2024-12-13 13:28:41,894 - INFO - 成功重新连接到浏览器
2024-12-13 13:28:41,900 - INFO - 浏览器重连成功
2024-12-13 13:28:41,901 - INFO - 开始Shopify注册流程...
2024-12-13 13:28:41,922 - INFO - Google登录状态有效
2024-12-13 13:28:41,922 - INFO - 开始Shopify注册流程...
2024-12-13 13:29:02,192 - INFO - 点击Start free trial按钮...
2024-12-13 13:29:10,268 - INFO - 等待Cloudflare验证...
2024-12-13 13:29:32,243 - INFO - Cloudflare验证通过，等待页面加载...
2024-12-13 13:29:35,304 - INFO - 注册页面加载完成，点击'Sign up with Google'按钮...
2024-12-13 13:29:46,381 - INFO - 成功跳转到Google登录页面
2024-12-13 13:31:30,006 - ERROR - 等待下一步超时（100秒）
2024-12-13 13:31:30,006 - ERROR - 等待下一步超时
2024-12-13 13:31:30,007 - ERROR - Shopify注册失败
