2024-12-13 14:36:26,438 - INFO - 开始执行自动化流程...
2024-12-13 14:36:26,629 - INFO - 开始处理商店: Handle Financial, Inc.
2024-12-13 14:36:26,730 - INFO - 正在启动浏览器: test002 (ID: kr4neb5)
2024-12-13 14:36:30,126 - INFO - 成功创建WebDriver实例
2024-12-13 14:36:30,127 - INFO - 开始Gmail登录流程...
2024-12-13 14:36:40,279 - INFO - 正在输入邮箱...
2024-12-13 14:36:47,898 - INFO - 正在输入密码...
2024-12-13 14:36:51,334 - ERROR - 检查AdsPower Cookie失败: Expecting value: line 1 column 1 (char 0)
2024-12-13 14:37:06,884 - INFO - 通过Cookie检测到登录成功
2024-12-13 14:37:06,884 - INFO - 第1次快速检测登录成功
2024-12-13 14:37:07,887 - ERROR - 检查AdsPower Cookie失败: Expecting value: line 1 column 1 (char 0)
2024-12-13 14:37:07,900 - INFO - 通过Cookie检测到登录成功
2024-12-13 14:37:07,900 - INFO - 第2次快速检测登录成功
2024-12-13 14:37:08,904 - ERROR - 检查AdsPower Cookie失败: Expecting value: line 1 column 1 (char 0)
2024-12-13 14:37:08,911 - INFO - 通过Cookie检测到登录成功
2024-12-13 14:37:08,911 - INFO - 第3次快速检测登录成功
2024-12-13 14:37:10,938 - INFO - Gmail登录成功，重新连接浏览器...
2024-12-13 14:37:10,939 - INFO - 尝试重新连接到浏览器...
2024-12-13 14:37:11,475 - INFO - 成功重新连接到浏览器
2024-12-13 14:37:11,479 - INFO - 浏览器重连成功
2024-12-13 14:37:11,480 - INFO - 开始Shopify注册流程...
2024-12-13 14:37:11,492 - INFO - Google登录状态有效
2024-12-13 14:37:11,492 - INFO - 开始Shopify注册流程...
2024-12-13 14:37:20,898 - INFO - 点击Start free trial按钮...
2024-12-13 14:37:27,729 - INFO - 等待Cloudflare验证...
2024-12-13 14:38:05,034 - INFO - Cloudflare验证通过，等待页面加载...
2024-12-13 14:38:08,095 - INFO - 注册页面加载完成，点击'Sign up with Google'按钮...
2024-12-13 14:38:20,091 - INFO - 成功跳转到Google登录页面
2024-12-13 14:40:03,945 - ERROR - 等待下一步超时（100秒）
2024-12-13 14:40:03,945 - ERROR - 等待下一步超时
2024-12-13 14:40:03,946 - ERROR - Shopify注册失败
