2024-12-15 01:44:20,339 - INFO - 开始执行自动化流程...
2024-12-15 01:44:20,534 - INFO - 开始处理商店: Handle Financial, Inc.
2024-12-15 01:44:20,633 - INFO - 正在启动浏览器: test002 (ID: kr72e4i)
2024-12-15 01:44:24,151 - INFO - 成功创建WebDriver实例
2024-12-15 01:44:24,152 - INFO - 开始Gmail登录流程...
2024-12-15 01:44:34,727 - INFO - 正在输入邮箱...
2024-12-15 01:44:38,324 - INFO - 等待密码输入页面...
2024-12-15 01:44:41,419 - INFO - 正在输入密码...
2024-12-15 01:44:51,164 - INFO - 开始第1次页面状态检测...
2024-12-15 01:45:24,331 - ERROR - 检查AdsPower Cookie失败: Expecting value: line 1 column 1 (char 0)
2024-12-15 01:45:24,340 - INFO - 通过Cookie检测到登录成功
2024-12-15 01:45:24,341 - INFO - 检测到已成功登录
2024-12-15 01:45:26,371 - INFO - Gmail登录成功，重新连接浏览器...
2024-12-15 01:45:26,372 - INFO - 尝试重新连接到浏览器...
2024-12-15 01:45:26,911 - INFO - 成功重新连接到浏览器
2024-12-15 01:45:26,915 - INFO - 浏览器重连成功
2024-12-15 01:45:26,916 - INFO - 开始Shopify注册流程...
2024-12-15 01:45:26,920 - INFO - 开始Shopify注册流程...
2024-12-15 01:45:32,600 - INFO - 已打开Shopify注册页面: https://www.shopify.com/free-trial
2024-12-15 01:45:35,635 - INFO - 找到'Start free trial'按钮
2024-12-15 01:45:43,411 - INFO - 已点击'Start free trial'按钮
2024-12-15 01:45:45,412 - INFO - 等待Cloudflare验证...
2024-12-15 01:45:45,412 - INFO - 等待Cloudflare验证...
2024-12-15 01:46:05,313 - INFO - Cloudflare验证通过，已进入注册页面
2024-12-15 01:46:08,314 - INFO - Cloudflare验证完成
2024-12-15 01:46:12,455 - INFO - 找到'Sign up with email'按钮 (使用选择器: //*[normalize-space()='Sign up with email'])
2024-12-15 01:46:16,102 - INFO - 已点击'Sign up with email'按钮
2024-12-15 01:46:18,103 - INFO - 开始等待验证码处理...
2024-12-15 01:46:18,104 - INFO - 检查是否需要处理谷歌验证...
2024-12-15 01:46:18,118 - INFO - 检测到谷歌验证，等待插件处理...
2024-12-15 01:47:58,567 - ERROR - 谷歌验证等待超时
2024-12-15 01:47:58,568 - ERROR - Shopify注册失败
