2024-12-15 00:21:40,657 - INFO - 开始执行自动化流程...
2024-12-15 00:21:40,851 - INFO - 开始处理商店: Handle Financial, Inc.
2024-12-15 00:21:40,932 - INFO - 正在启动浏览器: test002 (ID: kr6xm86)
2024-12-15 00:21:44,709 - INFO - 成功创建WebDriver实例
2024-12-15 00:21:44,710 - INFO - 开始Gmail登录流程...
2024-12-15 00:21:55,203 - INFO - 正在输入邮箱...
2024-12-15 00:22:02,847 - INFO - 正在输入密码...
2024-12-15 00:22:06,260 - ERROR - 检查AdsPower Cookie失败: Expecting value: line 1 column 1 (char 0)
2024-12-15 00:22:24,405 - INFO - 通过Cookie检测到登录成功
2024-12-15 00:22:24,405 - INFO - 第1次快速检测登录成功
2024-12-15 00:22:25,409 - ERROR - 检查AdsPower Cookie失败: Expecting value: line 1 column 1 (char 0)
2024-12-15 00:22:25,420 - INFO - 通过Cookie检测到登录成功
2024-12-15 00:22:25,420 - INFO - 第2次快速检测登录成功
2024-12-15 00:22:26,424 - ERROR - 检查AdsPower Cookie失败: Expecting value: line 1 column 1 (char 0)
2024-12-15 00:22:26,430 - INFO - 通过Cookie检测到登录成功
2024-12-15 00:22:26,431 - INFO - 第3次快速检测登录成功
2024-12-15 00:22:28,460 - INFO - Gmail登录成功，重新连接浏览器...
2024-12-15 00:22:28,460 - INFO - 尝试重新连接到浏览器...
2024-12-15 00:22:29,002 - INFO - 成功重新连接到浏览器
2024-12-15 00:22:29,007 - INFO - 浏览器重连成功
2024-12-15 00:22:29,007 - INFO - 开始Shopify注册流程...
2024-12-15 00:22:29,014 - INFO - 开始Shopify注册流程...
2024-12-15 00:22:45,035 - INFO - 点击Start free trial按钮...
2024-12-15 00:22:53,984 - INFO - 等待Cloudflare验证...
2024-12-15 00:23:20,676 - INFO - Cloudflare验证通过，等待页面加载...
2024-12-15 00:23:23,742 - INFO - 注册页面加载完成，点击'Sign up with Google'按钮...
2024-12-15 00:23:33,080 - INFO - 成功跳转到Google登录页面
2024-12-15 00:25:15,781 - ERROR - 等待下一步超时（100秒）
2024-12-15 00:25:15,781 - ERROR - 等待下一步超时
2024-12-15 00:25:15,782 - ERROR - Shopify注册失败
