2024-12-15 01:56:23,502 - INFO - 开始执行自动化流程...
2024-12-15 01:56:23,694 - INFO - 开始处理商店: Handle Financial, Inc.
2024-12-15 01:56:23,797 - INFO - 正在启动浏览器: test002 (ID: kr72vds)
2024-12-15 01:56:27,172 - INFO - 成功创建WebDriver实例
2024-12-15 01:56:27,173 - INFO - 开始Gmail登录流程...
2024-12-15 01:56:36,678 - INFO - 正在输入邮箱...
2024-12-15 01:56:40,190 - INFO - 等待密码输入页面...
2024-12-15 01:56:43,283 - INFO - 正在输入密码...
2024-12-15 01:56:53,032 - INFO - 开始第1次页面状态检测...
2024-12-15 01:57:25,254 - ERROR - 检查AdsPower Cookie失败: Expecting value: line 1 column 1 (char 0)
2024-12-15 01:57:25,262 - INFO - 通过Cookie检测到登录成功
2024-12-15 01:57:25,263 - INFO - 检测到已成功登录
2024-12-15 01:57:27,290 - INFO - Gmail登录成功，重新连接浏览器...
2024-12-15 01:57:27,291 - INFO - 尝试重新连接到浏览器...
2024-12-15 01:57:27,828 - INFO - 成功重新连接到浏览器
2024-12-15 01:57:27,833 - INFO - 浏览器重连成功
2024-12-15 01:57:27,834 - INFO - 开始Shopify注册流程...
2024-12-15 01:57:27,840 - INFO - 开始Shopify注册流程...
2024-12-15 01:57:32,976 - INFO - 已打开Shopify注册页面: https://www.shopify.com/free-trial
2024-12-15 01:57:36,018 - INFO - 找到'Start free trial'按钮
2024-12-15 01:57:42,946 - INFO - 已点击'Start free trial'按钮
2024-12-15 01:57:44,947 - INFO - 等待Cloudflare验证...
2024-12-15 01:57:44,948 - INFO - 等待Cloudflare验证...
2024-12-15 01:58:03,334 - INFO - Cloudflare验证通过，已进入注册页面
2024-12-15 01:58:06,335 - INFO - Cloudflare验证完成
2024-12-15 01:58:10,477 - INFO - 找到'Sign up with email'按钮 (使用选择器: //*[normalize-space()='Sign up with email'])
2024-12-15 01:58:13,764 - INFO - 已点击'Sign up with email'按钮
2024-12-15 01:58:15,765 - INFO - 等待注册表单加载...
2024-12-15 01:58:15,804 - INFO - 准备输入邮箱...
2024-12-15 01:58:15,945 - INFO - 已输入邮箱: ParshallQuicksey@gmail.com
2024-12-15 01:58:16,946 - INFO - 准备输入密码...
2024-12-15 01:58:17,057 - INFO - 密码已输入
2024-12-15 01:58:18,058 - INFO - 等待Create Shopify account按钮可点击...
2024-12-15 01:59:18,349 - ERROR - 等待Create Shopify account按钮可点击超时
2024-12-15 01:59:18,350 - ERROR - Shopify注册失败
