2024-12-15 00:13:01,822 - INFO - 开始执行自动化流程...
2024-12-15 00:13:02,082 - INFO - 开始处理商店: Handle Financial, Inc.
2024-12-15 00:13:02,188 - INFO - 正在启动浏览器: test002 (ID: kr6wuwb)
2024-12-15 00:13:06,551 - INFO - 成功创建WebDriver实例
2024-12-15 00:13:06,552 - INFO - 开始Gmail登录流程...
2024-12-15 00:13:18,667 - INFO - 正在输入邮箱...
2024-12-15 00:13:26,329 - INFO - 正在输入密码...
2024-12-15 00:13:29,734 - ERROR - 检查AdsPower Cookie失败: Expecting value: line 1 column 1 (char 0)
2024-12-15 00:13:47,627 - INFO - 通过Cookie检测到登录成功
2024-12-15 00:13:47,627 - INFO - 第1次快速检测登录成功
2024-12-15 00:13:48,630 - ERROR - 检查AdsPower Cookie失败: Expecting value: line 1 column 1 (char 0)
2024-12-15 00:13:48,642 - INFO - 通过Cookie检测到登录成功
2024-12-15 00:13:48,643 - INFO - 第2次快速检测登录成功
2024-12-15 00:13:49,645 - ERROR - 检查AdsPower Cookie失败: Expecting value: line 1 column 1 (char 0)
2024-12-15 00:13:49,652 - INFO - 通过Cookie检测到登录成功
2024-12-15 00:13:49,652 - INFO - 第3次快速检测登录成功
2024-12-15 00:13:51,682 - INFO - Gmail登录成功，重新连接浏览器...
2024-12-15 00:13:51,682 - INFO - 尝试重新连接到浏览器...
2024-12-15 00:13:52,212 - INFO - 成功重新连接到浏览器
2024-12-15 00:13:52,218 - INFO - 浏览器重连成功
2024-12-15 00:13:52,218 - INFO - 开始Shopify注册流程...
2024-12-15 00:13:52,223 - INFO - 开始Shopify注册流程...
2024-12-15 00:14:11,845 - INFO - 点击Start free trial按钮...
2024-12-15 00:14:20,658 - INFO - 等待Cloudflare验证...
2024-12-15 00:14:43,217 - INFO - Cloudflare验证通过，等待页面加载...
2024-12-15 00:14:46,283 - INFO - 注册页面加载完成，点击'Sign up with Google'按钮...
2024-12-15 00:14:58,267 - INFO - 成功跳转到Google登录页面
2024-12-15 00:16:39,299 - ERROR - 等待下一步超时（100秒）
2024-12-15 00:16:39,300 - ERROR - 等待下一步超时
2024-12-15 00:16:39,300 - ERROR - Shopify注册失败
