2024-12-14 23:48:28,618 - INFO - 开始执行自动化流程...
2024-12-14 23:48:28,805 - INFO - 开始处理商店: Handle Financial, Inc.
2024-12-14 23:48:28,900 - INFO - 正在启动浏览器: test002 (ID: kr6wbxh)
2024-12-14 23:48:32,233 - INFO - 成功创建WebDriver实例
2024-12-14 23:48:32,233 - INFO - 开始Gmail登录流程...
2024-12-14 23:48:42,422 - INFO - 正在输入邮箱...
2024-12-14 23:48:50,063 - INFO - 正在输入密码...
2024-12-14 23:48:53,499 - ERROR - 检查AdsPower Cookie失败: Expecting value: line 1 column 1 (char 0)
2024-12-14 23:49:07,279 - INFO - 通过Cookie检测到登录成功
2024-12-14 23:49:07,279 - INFO - 第1次快速检测登录成功
2024-12-14 23:49:08,282 - ERROR - 检查AdsPower Cookie失败: Expecting value: line 1 column 1 (char 0)
2024-12-14 23:49:08,292 - INFO - 通过Cookie检测到登录成功
2024-12-14 23:49:08,293 - INFO - 第2次快速检测登录成功
2024-12-14 23:49:09,296 - ERROR - 检查AdsPower Cookie失败: Expecting value: line 1 column 1 (char 0)
2024-12-14 23:49:09,302 - INFO - 通过Cookie检测到登录成功
2024-12-14 23:49:09,303 - INFO - 第3次快速检测登录成功
2024-12-14 23:49:11,338 - INFO - Gmail登录成功，重新连接浏览器...
2024-12-14 23:49:11,338 - INFO - 尝试重新连接到浏览器...
2024-12-14 23:49:11,868 - INFO - 成功重新连接到浏览器
2024-12-14 23:49:11,874 - INFO - 浏览器重连成功
2024-12-14 23:49:11,875 - INFO - 开始Shopify注册流程...
2024-12-14 23:49:11,879 - INFO - 开始Shopify注册流程...
2024-12-14 23:49:19,794 - INFO - 点击Start free trial按钮...
2024-12-14 23:49:26,451 - INFO - 等待Cloudflare验证...
2024-12-14 23:49:46,324 - INFO - 检测到注册页面URL，等待页面加载...
2024-12-14 23:49:48,337 - INFO - 检测到页面标题
2024-12-14 23:50:42,688 - ERROR - 注册页面元素加载或操作失败: 'NoneType' object has no attribute 'is_displayed'
2024-12-14 23:50:42,689 - ERROR - Shopify注册失败
