2024-12-15 02:14:30,879 - INFO - 开始执行自动化流程...
2024-12-15 02:14:31,074 - INFO - 开始处理商店: Handle Financial, Inc.
2024-12-15 02:14:31,178 - INFO - 正在启动浏览器: test002 (ID: kr73hr5)
2024-12-15 02:14:34,466 - INFO - 成功创建WebDriver实例
2024-12-15 02:14:34,467 - INFO - 开始Gmail登录流程...
2024-12-15 02:14:43,589 - INFO - 正在输入邮箱...
2024-12-15 02:14:47,080 - INFO - 等待密码输入页面...
2024-12-15 02:14:49,742 - INFO - 正在输入密码...
2024-12-15 02:14:59,486 - INFO - 开始第1次页面状态检测...
2024-12-15 02:15:28,755 - ERROR - 检查AdsPower Cookie失败: Expecting value: line 1 column 1 (char 0)
2024-12-15 02:15:28,761 - INFO - 通过Cookie检测到登录成功
2024-12-15 02:15:28,762 - INFO - 检测到已成功登录
2024-12-15 02:15:30,794 - INFO - Gmail登录成功，重新连接浏览器...
2024-12-15 02:15:30,794 - INFO - 尝试重新连接到浏览器...
2024-12-15 02:15:31,332 - INFO - 成功重新连接到浏览器
2024-12-15 02:15:31,336 - INFO - 浏览器重连成功
2024-12-15 02:15:31,337 - INFO - 开始Shopify注册流程...
2024-12-15 02:15:31,341 - INFO - 开始Shopify注册流程...
2024-12-15 02:15:35,898 - INFO - 已打开Shopify注册页面: https://www.shopify.com/free-trial
2024-12-15 02:15:38,933 - INFO - 找到'Start free trial'按钮
2024-12-15 02:15:45,285 - INFO - 已点击'Start free trial'按钮
2024-12-15 02:15:47,287 - INFO - 等待Cloudflare验证...
2024-12-15 02:15:47,288 - INFO - 等待Cloudflare验证...
2024-12-15 02:16:03,933 - INFO - Cloudflare验证通过，已进入注册页面
2024-12-15 02:16:06,934 - INFO - Cloudflare验证完成
2024-12-15 02:16:11,073 - INFO - 找到'Sign up with email'按钮 (使用选择器: //*[normalize-space()='Sign up with email'])
2024-12-15 02:16:14,081 - INFO - 已点击'Sign up with email'按钮
2024-12-15 02:16:16,083 - INFO - 等待注册表单加载...
2024-12-15 02:16:16,120 - INFO - 准备输入邮箱...
2024-12-15 02:16:16,246 - INFO - 已输入邮箱: ParshallQuicksey@gmail.com
2024-12-15 02:16:17,248 - INFO - 准备输入密码...
2024-12-15 02:16:17,352 - INFO - 密码已输入
2024-12-15 02:16:18,353 - INFO - 检查是否存在hCaptcha验证...
2024-12-15 02:16:18,375 - INFO - 检测到hCaptcha，等待插件处理...
2024-12-15 02:17:18,942 - ERROR - hCaptcha验证等待超时
2024-12-15 02:17:18,942 - ERROR - Shopify注册失败
