2024-12-13 10:50:48,825 - INFO - 程序启动
2024-12-13 10:50:52,441 - INFO - 开始处理商店: Handle Financial, Inc. (环境ID: test001)
2024-12-13 10:50:52,574 - INFO - 浏览器 kr47af7 状态: 未运行
2024-12-13 10:50:52,575 - INFO - 正在启动浏览器，user_id: kr47af7
2024-12-13 10:50:52,575 - INFO - 正在启动浏览器: test001 (ID: kr47af7)
2024-12-13 10:50:56,419 - INFO - 浏览器启动成功，信息: {
  "selenium_address": "127.0.0.1:56903",
  "webdriver": "C:\\Users\\Administrator\\AppData\\Roaming\\adspower_global\\cwd_global\\chrome_130\\chromedriver.exe",
  "user_id": "kr47af7",
  "debug_port": "56903",
  "puppeteer_ws": "ws://127.0.0.1:56903/devtools/browser/aa1c9c5a-274a-48d2-b501-007d0ea2e6b8"
}
2024-12-13 10:50:56,421 - INFO - 正在启动浏览器，user_id: kr47af7
2024-12-13 10:50:56,421 - INFO - 浏览器启动成功
2024-12-13 10:50:56,954 - INFO - 浏览器启动成功，信息: {
  "selenium_address": "127.0.0.1:56903",
  "webdriver": "C:\\Users\\Administrator\\AppData\\Roaming\\adspower_global\\cwd_global\\chrome_130\\chromedriver.exe",
  "user_id": "kr47af7",
  "debug_port": "56903",
  "puppeteer_ws": "ws://127.0.0.1:56903/devtools/browser/aa1c9c5a-274a-48d2-b501-007d0ea2e6b8"
}
2024-12-13 10:51:07,684 - INFO - 正在输入邮箱...
2024-12-13 10:51:11,076 - INFO - 正在输入密码...
2024-12-13 10:51:31,469 - ERROR - WebDriver错误: Message: 
Stacktrace:
	GetHandleVerifier [0x00007FF774DE4175+51477]
	(No symbol) [0x00007FF774C1A170]
	(No symbol) [0x00007FF77490BECB]
	(No symbol) [0x00007FF77495E169]
	(No symbol) [0x00007FF77495E52C]
	(No symbol) [0x00007FF7749AB4C7]
	(No symbol) [0x00007FF77498686F]
	(No symbol) [0x00007FF774951CEC]
	(No symbol) [0x00007FF7749A8BA5]
	(No symbol) [0x00007FF7749864E3]
	(No symbol) [0x00007FF774950EC0]
	(No symbol) [0x00007FF77494FA9B]
	(No symbol) [0x00007FF77495091A]
	GetHandleVerifier [0x00007FF774E0441E+183230]
	sqlite3_dbdata_init [0x00007FF7750612AB+1457739]
	sqlite3_dbdata_init [0x00007FF775060C24+1456068]
	sqlite3_dbdata_init [0x00007FF77505A499+1429561]
	sqlite3_dbdata_init [0x00007FF775061BA4+1460036]
	(No symbol) [0x00007FF774C3368B]
	(No symbol) [0x00007FF774C258F4]
	(No symbol) [0x00007FF774C25A8B]
	(No symbol) [0x00007FF774C0978C]
	BaseThreadInitThunk [0x00007FF8EF994CB0+16]
	RtlUserThreadStart [0x00007FF8F199EDCB+43]

2024-12-13 10:51:31,490 - INFO - 已更新商店 Handle Financial, Inc. 的状态为: failed
