2024-12-13 13:11:47,130 - INFO - 开始执行自动化流程...
2024-12-13 13:11:47,319 - INFO - 开始处理商店: Handle Financial, Inc.
2024-12-13 13:11:47,446 - INFO - 正在启动浏览器: test002 (ID: kr4ivpg)
2024-12-13 13:11:51,350 - INFO - 开始Gmail登录流程...
2024-12-13 13:12:02,786 - INFO - 正在输入邮箱...
2024-12-13 13:12:10,400 - INFO - 正在输入密码...
2024-12-13 13:12:13,821 - ERROR - 检查AdsPower Cookie失败: Expecting value: line 1 column 1 (char 0)
2024-12-13 13:12:30,417 - INFO - 通过Cookie检测到登录成功
2024-12-13 13:12:30,418 - INFO - 第1次快速检测登录成功
2024-12-13 13:12:31,421 - ERROR - 检查AdsPower Cookie失败: Expecting value: line 1 column 1 (char 0)
2024-12-13 13:12:31,431 - INFO - 通过Cookie检测到登录成功
2024-12-13 13:12:31,431 - INFO - 第2次快速检测登录成功
2024-12-13 13:12:32,435 - ERROR - 检查AdsPower Cookie失败: Expecting value: line 1 column 1 (char 0)
2024-12-13 13:12:32,441 - INFO - 通过Cookie检测到登录成功
2024-12-13 13:12:32,442 - INFO - 第3次快速检测登录成功
2024-12-13 13:12:38,479 - WARNING - Retrying (Retry(total=2, connect=None, read=None, redirect=None, status=None)) after connection broken by 'NewConnectionError('<urllib3.connection.HTTPConnection object at 0x00000199D7F63020>: Failed to establish a new connection: [WinError 10061] 由于目标计算机积极拒绝，无法连接。')': /session/26fd0a9c8269ec1e936e647b409245a3/url
2024-12-13 13:12:42,485 - WARNING - Retrying (Retry(total=1, connect=None, read=None, redirect=None, status=None)) after connection broken by 'NewConnectionError('<urllib3.connection.HTTPConnection object at 0x00000199D7F63350>: Failed to establish a new connection: [WinError 10061] 由于目标计算机积极拒绝，无法连接。')': /session/26fd0a9c8269ec1e936e647b409245a3/url
2024-12-13 13:12:46,492 - WARNING - Retrying (Retry(total=0, connect=None, read=None, redirect=None, status=None)) after connection broken by 'NewConnectionError('<urllib3.connection.HTTPConnection object at 0x00000199D7F638A0>: Failed to establish a new connection: [WinError 10061] 由于目标计算机积极拒绝，无法连接。')': /session/26fd0a9c8269ec1e936e647b409245a3/url
2024-12-13 13:12:50,499 - ERROR - 浏览器连接已断开，尝试重新连接...
2024-12-13 13:12:50,499 - INFO - 尝试重新连接到浏览器...
2024-12-13 13:12:51,020 - INFO - 成功重新连接到浏览器
2024-12-13 13:12:51,021 - INFO - Gmail登录成功，开始Shopify注册...
2024-12-13 13:12:51,033 - INFO - Google登录状态有效
2024-12-13 13:12:51,034 - INFO - 开始Shopify注册流程...
2024-12-13 13:13:10,520 - INFO - 点击Start free trial按钮...
2024-12-13 13:13:18,818 - INFO - 等待Cloudflare验证...
2024-12-13 13:13:46,021 - INFO - Cloudflare验证通过
2024-12-13 13:15:27,613 - ERROR - 等待下一步超时（100秒）
2024-12-13 13:15:27,613 - ERROR - 等待下一步超时
2024-12-13 13:15:27,613 - ERROR - Shopify注册失败
