2024-12-13 14:23:17,888 - INFO - 开始执行自动化流程...
2024-12-13 14:23:18,084 - INFO - 开始处理商店: Handle Financial, Inc.
2024-12-13 14:23:18,179 - INFO - 正在启动浏览器: test002 (ID: kr4mq7c)
2024-12-13 14:23:21,776 - INFO - 成功创建WebDriver实例
2024-12-13 14:23:21,776 - INFO - 开始Gmail登录流程...
2024-12-13 14:23:32,026 - INFO - 正在输入邮箱...
2024-12-13 14:23:39,706 - INFO - 正在输入密码...
2024-12-13 14:23:43,125 - ERROR - 检查AdsPower Cookie失败: Expecting value: line 1 column 1 (char 0)
2024-12-13 14:23:57,167 - INFO - 通过Cookie检测到登录成功
2024-12-13 14:23:57,168 - INFO - 第1次快速检测登录成功
2024-12-13 14:23:58,171 - ERROR - 检查AdsPower Cookie失败: Expecting value: line 1 column 1 (char 0)
2024-12-13 14:23:58,180 - INFO - 通过Cookie检测到登录成功
2024-12-13 14:23:58,180 - INFO - 第2次快速检测登录成功
2024-12-13 14:23:59,184 - ERROR - 检查AdsPower Cookie失败: Expecting value: line 1 column 1 (char 0)
2024-12-13 14:23:59,191 - INFO - 通过Cookie检测到登录成功
2024-12-13 14:23:59,192 - INFO - 第3次快速检测登录成功
2024-12-13 14:24:01,220 - INFO - Gmail登录成功，重新连接浏览器...
2024-12-13 14:24:01,220 - INFO - 尝试重新连接到浏览器...
2024-12-13 14:24:01,749 - INFO - 成功重新连接到浏览器
2024-12-13 14:24:01,754 - INFO - 浏览器重连成功
2024-12-13 14:24:01,754 - INFO - 开始Shopify注册流程...
2024-12-13 14:24:01,765 - INFO - Google登录状态有效
2024-12-13 14:24:01,766 - INFO - 开始Shopify注册流程...
2024-12-13 14:24:17,727 - INFO - 点击Start free trial按钮...
2024-12-13 14:24:25,096 - INFO - 等待Cloudflare验证...
2024-12-13 14:24:45,179 - INFO - Cloudflare验证通过，等待页面加载...
2024-12-13 14:24:48,244 - INFO - 注册页面加载完成，点击'Sign up with Google'按钮...
2024-12-13 14:24:58,425 - INFO - 成功跳转到Google登录页面
2024-12-13 14:26:40,825 - ERROR - 等待下一步超时（100秒）
2024-12-13 14:26:40,825 - ERROR - 等待下一步超时
2024-12-13 14:26:40,825 - ERROR - Shopify注册失败
