2024-12-15 00:42:59,459 - INFO - 开始执行自动化流程...
2024-12-15 00:42:59,663 - INFO - 开始处理商店: Handle Financial, Inc.
2024-12-15 00:42:59,755 - INFO - 正在启动浏览器: test002 (ID: kr6ym5t)
2024-12-15 00:43:03,007 - INFO - 成功创建WebDriver实例
2024-12-15 00:43:03,008 - INFO - 开始Gmail登录流程...
2024-12-15 00:43:12,469 - INFO - 正在输入邮箱...
2024-12-15 00:43:20,121 - INFO - 正在输入密码...
2024-12-15 00:43:23,533 - ERROR - 检查AdsPower Cookie失败: Expecting value: line 1 column 1 (char 0)
2024-12-15 00:43:36,691 - INFO - 通过Cookie检测到登录成功
2024-12-15 00:43:36,691 - INFO - 第1次快速检测登录成功
2024-12-15 00:43:37,695 - ERROR - 检查AdsPower Cookie失败: Expecting value: line 1 column 1 (char 0)
2024-12-15 00:43:37,704 - INFO - 通过Cookie检测到登录成功
2024-12-15 00:43:37,705 - INFO - 第2次快速检测登录成功
2024-12-15 00:43:38,708 - ERROR - 检查AdsPower Cookie失败: Expecting value: line 1 column 1 (char 0)
2024-12-15 00:43:38,720 - INFO - 通过Cookie检测到登录成功
2024-12-15 00:43:38,721 - INFO - 第3次快速检测登录成功
2024-12-15 00:43:40,751 - INFO - Gmail登录成功，重新连接浏览器...
2024-12-15 00:43:40,751 - INFO - 尝试重新连接到浏览器...
2024-12-15 00:43:41,292 - INFO - 成功重新连接到浏览器
2024-12-15 00:43:41,296 - INFO - 浏览器重连成功
2024-12-15 00:43:41,296 - INFO - 开始Shopify注册流程...
2024-12-15 00:43:41,303 - INFO - 开始Shopify注册流程...
2024-12-15 00:43:55,111 - INFO - 已打开Shopify注册页面: https://www.shopify.com/free-trial
2024-12-15 00:43:58,148 - INFO - 找到'Start free trial'按钮
2024-12-15 00:44:07,475 - INFO - 已点击'Start free trial'按钮
2024-12-15 00:44:40,087 - ERROR - 未找到'Sign up with email'按钮
2024-12-15 00:44:40,088 - ERROR - Shopify注册失败
