2024-12-15 02:27:24,304 - INFO - 开始执行自动化流程...
2024-12-15 02:27:24,499 - INFO - 开始处理商店: Handle Financial, Inc.
2024-12-15 02:27:24,614 - INFO - 正在启动浏览器: test002 (ID: kr73wxi)
2024-12-15 02:27:27,857 - INFO - 成功创建WebDriver实例
2024-12-15 02:27:27,857 - INFO - 开始Gmail登录流程...
2024-12-15 02:27:36,801 - INFO - 正在输入邮箱...
2024-12-15 02:27:40,309 - INFO - 等待密码输入页面...
2024-12-15 02:27:42,927 - INFO - 正在输入密码...
2024-12-15 02:27:52,665 - INFO - 开始第1次页面状态检测...
2024-12-15 02:28:20,906 - ERROR - 检查AdsPower Cookie失败: Expecting value: line 1 column 1 (char 0)
2024-12-15 02:28:20,912 - INFO - 通过Cookie检测到登录成功
2024-12-15 02:28:20,913 - INFO - 检测到已成功登录
2024-12-15 02:28:22,944 - INFO - Gmail登录成功，重新连接浏览器...
2024-12-15 02:28:22,944 - INFO - 尝试重新连接到浏览器...
2024-12-15 02:28:23,486 - INFO - 成功重新连接到浏览器
2024-12-15 02:28:23,492 - INFO - 浏览器重连成功
2024-12-15 02:28:23,492 - INFO - 开始Shopify注册流程...
2024-12-15 02:28:23,498 - INFO - 开始Shopify注册流程...
2024-12-15 02:28:28,034 - INFO - 已打开Shopify注册页面: https://www.shopify.com/free-trial
2024-12-15 02:28:31,070 - INFO - 找到'Start free trial'按钮
2024-12-15 02:28:36,931 - INFO - 已点击'Start free trial'按钮
2024-12-15 02:28:38,940 - INFO - 等待Cloudflare验证...
2024-12-15 02:28:38,950 - INFO - 等待Cloudflare验证...
2024-12-15 02:28:57,476 - INFO - Cloudflare验证通过，已进入注册页面
2024-12-15 02:29:00,476 - INFO - Cloudflare验证完成
2024-12-15 02:29:04,616 - INFO - 找到'Sign up with email'按钮 (使用选择器: //*[normalize-space()='Sign up with email'])
2024-12-15 02:29:07,704 - INFO - 已点击'Sign up with email'按钮
2024-12-15 02:29:09,705 - INFO - 等待注册表单加载...
2024-12-15 02:29:09,745 - INFO - 准备输入邮箱...
2024-12-15 02:29:09,881 - INFO - 已输入邮箱: ParshallQuicksey@gmail.com
2024-12-15 02:29:10,882 - INFO - 准备输入密码...
2024-12-15 02:29:10,989 - INFO - 密码已输入
2024-12-15 02:29:11,990 - INFO - 检查是否存在hCaptcha验证...
2024-12-15 02:29:12,013 - INFO - 检测到hCaptcha，等待插件处理...
2024-12-15 02:30:18,306 - ERROR - hCaptcha验证等待超时
2024-12-15 02:30:18,307 - ERROR - Shopify注册失败
