2024-12-13 10:05:46,131 - INFO - 程序启动
2024-12-13 10:05:50,730 - INFO - 正在启动浏览器，user_id: kr47af7
2024-12-13 10:05:50,730 - INFO - 开始处理商店: Handle Financial, Inc. (环境ID: kr47af7)
2024-12-13 10:05:53,756 - INFO - 浏览器启动成功，信息: {
  "selenium_address": "http://127.0.0.1:53222",
  "debug_port": "53222",
  "user_id": "kr47af7",
  "webdriver": "C:\\Users\\Administrator\\AppData\\Roaming\\adspower_global\\cwd_global\\chrome_130\\chromedriver.exe",
  "puppeteer_ws": "ws://127.0.0.1:53222/devtools/browser/c4e97434-5075-4f98-a031-26cd2069d466"
}
2024-12-13 10:05:53,762 - ERROR - 启动浏览器时出错: object of type 'int' has no len()
2024-12-13 10:05:53,763 - ERROR - 详细错误信息:
Traceback (most recent call last):
  File "e:\soft\121301\shopify_register\core\browser\adspower.py", line 177, in start_browser_by_id
    self.driver = webdriver.Remote(
                  ~~~~~~~~~~~~~~~~^
        command_executor=browser_info["selenium_address"],
        ^^^^^^^^^^^^^^^^^^^^^^^^^^^^^^^^^^^^^^^^^^^^^^^^^^
        options=chrome_options
        ^^^^^^^^^^^^^^^^^^^^^^
    )
    ^
  File "C:\Users\Administrator\AppData\Local\Programs\Python\Python313\Lib\site-packages\selenium\webdriver\remote\webdriver.py", line 241, in __init__
    self.start_session(capabilities)
    ~~~~~~~~~~~~~~~~~~^^^^^^^^^^^^^^
  File "C:\Users\Administrator\AppData\Local\Programs\Python\Python313\Lib\site-packages\selenium\webdriver\remote\webdriver.py", line 329, in start_session
    response = self.execute(Command.NEW_SESSION, caps)["value"]
               ~~~~~~~~~~~~^^^^^^^^^^^^^^^^^^^^^^^^^^^
  File "C:\Users\Administrator\AppData\Local\Programs\Python\Python313\Lib\site-packages\selenium\webdriver\remote\webdriver.py", line 384, in execute
    self.error_handler.check_response(response)
    ~~~~~~~~~~~~~~~~~~~~~~~~~~~~~~~~~^^^^^^^^^^
  File "C:\Users\Administrator\AppData\Local\Programs\Python\Python313\Lib\site-packages\selenium\webdriver\remote\errorhandler.py", line 168, in check_response
    if len(value) == 1:
       ~~~^^^^^^^
TypeError: object of type 'int' has no len()
2024-12-13 10:05:53,784 - INFO - 浏览器 kr47af7 已经关闭
2024-12-13 10:05:53,785 - INFO - 任务完成
