2024-12-13 12:59:50,982 - INFO - 开始执行自动化流程...
2024-12-13 12:59:51,173 - INFO - 开始处理商店: Handle Financial, Inc.
2024-12-13 12:59:51,268 - INFO - 正在启动浏览器: test002 (ID: kr4i52u)
2024-12-13 12:59:55,115 - ERROR - 检查AdsPower Cookie失败: Expecting value: line 1 column 1 (char 0)
2024-12-13 12:59:55,123 - INFO - 第1次快速检测未成功
2024-12-13 12:59:56,127 - ERROR - 检查AdsPower Cookie失败: Expecting value: line 1 column 1 (char 0)
2024-12-13 12:59:56,135 - INFO - 第2次快速检测未成功
2024-12-13 12:59:57,140 - ERROR - 检查AdsPower Cookie失败: Expecting value: line 1 column 1 (char 0)
2024-12-13 12:59:57,149 - INFO - 第3次快速检测未成功
2024-12-13 12:59:57,150 - INFO - 快速检查未确认登录状态，进行完整检查...
2024-12-13 12:59:57,154 - ERROR - 检查AdsPower Cookie失败: Expecting value: line 1 column 1 (char 0)
2024-12-13 12:59:59,221 - INFO - 第1次完整检测未成功
2024-12-13 13:00:00,224 - ERROR - 检查AdsPower Cookie失败: Expecting value: line 1 column 1 (char 0)
2024-12-13 13:00:02,278 - INFO - 第2次完整检测未成功
2024-12-13 13:00:03,282 - ERROR - 检查AdsPower Cookie失败: Expecting value: line 1 column 1 (char 0)
2024-12-13 13:00:05,333 - INFO - 第3次完整检测未成功
2024-12-13 13:00:05,333 - INFO - 未检测到Google登录，开始登录流程...
2024-12-13 13:00:10,363 - ERROR - Google登录失败: Message: no such window: target window already closed
from unknown error: web view not found
  (Session info: chrome=130.0.6723.59)
Stacktrace:
	GetHandleVerifier [0x00007FF774DE4175+51477]
	(No symbol) [0x00007FF774C1A170]
	(No symbol) [0x00007FF77490BECB]
	(No symbol) [0x00007FF7748E0774]
	(No symbol) [0x00007FF7749903DF]
	(No symbol) [0x00007FF7749A8150]
	(No symbol) [0x00007FF7749864E3]
	(No symbol) [0x00007FF774950EC0]
	(No symbol) [0x00007FF77494FA9B]
	(No symbol) [0x00007FF77495091A]
	GetHandleVerifier [0x00007FF774E0441E+183230]
	sqlite3_dbdata_init [0x00007FF7750612AB+1457739]
	sqlite3_dbdata_init [0x00007FF775060C24+1456068]
	sqlite3_dbdata_init [0x00007FF77505A499+1429561]
	sqlite3_dbdata_init [0x00007FF775061BA4+1460036]
	(No symbol) [0x00007FF774C3368B]
	(No symbol) [0x00007FF774C258F4]
	(No symbol) [0x00007FF774C25A8B]
	(No symbol) [0x00007FF774C0978C]
	BaseThreadInitThunk [0x00007FF8EF994CB0+16]
	RtlUserThreadStart [0x00007FF8F199EDCB+43]

2024-12-13 13:00:10,369 - ERROR - 处理失败: Message: no such window: target window already closed
from unknown error: web view not found
  (Session info: chrome=130.0.6723.59)
Stacktrace:
	GetHandleVerifier [0x00007FF774DE4175+51477]
	(No symbol) [0x00007FF774C1A170]
	(No symbol) [0x00007FF77490BECB]
	(No symbol) [0x00007FF7748E0774]
	(No symbol) [0x00007FF7749903DF]
	(No symbol) [0x00007FF7749A8150]
	(No symbol) [0x00007FF7749864E3]
	(No symbol) [0x00007FF774950EC0]
	(No symbol) [0x00007FF77494FA9B]
	(No symbol) [0x00007FF77495091A]
	GetHandleVerifier [0x00007FF774E0441E+183230]
	sqlite3_dbdata_init [0x00007FF7750612AB+1457739]
	sqlite3_dbdata_init [0x00007FF775060C24+1456068]
	sqlite3_dbdata_init [0x00007FF77505A499+1429561]
	sqlite3_dbdata_init [0x00007FF775061BA4+1460036]
	(No symbol) [0x00007FF774C3368B]
	(No symbol) [0x00007FF774C258F4]
	(No symbol) [0x00007FF774C25A8B]
	(No symbol) [0x00007FF774C0978C]
	BaseThreadInitThunk [0x00007FF8EF994CB0+16]
	RtlUserThreadStart [0x00007FF8F199EDCB+43]

