2024-12-15 02:48:13,873 - INFO - 开始执行自动化流程...
2024-12-15 02:48:14,060 - INFO - 开始处理商店: Handle Financial, Inc.
2024-12-15 02:48:14,158 - INFO - 正在启动浏览器: test002 (ID: kr74jwm)
2024-12-15 02:48:18,134 - INFO - 成功创建WebDriver实例
2024-12-15 02:48:18,135 - INFO - 开始Gmail登录流程...
2024-12-15 02:48:28,824 - INFO - 正在输入邮箱...
2024-12-15 02:48:32,338 - INFO - 等待密码输入页面...
2024-12-15 02:48:35,994 - INFO - 正在输入密码...
2024-12-15 02:48:45,733 - INFO - 开始第1次页面状态检测...
2024-12-15 02:48:49,894 - INFO - 检测到辅助邮箱确认选项: //div[contains(@class, 'l5PPKe') and contains(text(), 'Confirm your recovery email')]
2024-12-15 02:48:49,896 - INFO - 检测到'Verify it's you'页面，点击'Confirm your recovery email'...
2024-12-15 02:48:51,992 - INFO - 等待辅助邮箱输入框...
2024-12-15 02:48:53,235 - INFO - 已输入辅助邮箱: surbakti.dmalayah8653@hotmail.com
2024-12-15 02:48:54,290 - INFO - 已提交辅助邮箱
2024-12-15 02:48:57,291 - INFO - 检查登录状态...
2024-12-15 02:48:57,297 - ERROR - 检查AdsPower Cookie失败: Expecting value: line 1 column 1 (char 0)
2024-12-15 02:49:12,426 - INFO - 通过Cookie检测到登录成功
2024-12-15 02:49:12,426 - INFO - 检测到已成功登录
2024-12-15 02:49:14,461 - INFO - Gmail登录成功，重新连接浏览器...
2024-12-15 02:49:14,462 - INFO - 尝试重新连接到浏览器...
2024-12-15 02:49:14,992 - INFO - 成功重新连接到浏览器
2024-12-15 02:49:14,997 - INFO - 浏览器重连成功
2024-12-15 02:49:14,997 - INFO - 开始Shopify注册流程...
2024-12-15 02:49:15,003 - INFO - 开始Shopify注册流程...
2024-12-15 02:49:29,972 - INFO - 已打开Shopify注册页面: https://www.shopify.com/free-trial
2024-12-15 02:49:33,008 - INFO - 找到'Start free trial'按钮
2024-12-15 02:49:42,705 - INFO - 已点击'Start free trial'按钮
2024-12-15 02:49:44,706 - INFO - 等待Cloudflare验证...
2024-12-15 02:49:44,706 - INFO - 等待Cloudflare验证...
2024-12-15 02:49:44,711 - INFO - Cloudflare验证通过，已进入注册页面
2024-12-15 02:49:47,712 - INFO - Cloudflare验证完成
2024-12-15 02:49:51,848 - INFO - 找到'Sign up with email'按钮 (使用选择器: //*[normalize-space()='Sign up with email'])
2024-12-15 02:49:58,060 - INFO - 已点击'Sign up with email'按钮
2024-12-15 02:50:00,061 - INFO - 等待注册表单加载...
2024-12-15 02:50:07,284 - INFO - 准备输入邮箱...
2024-12-15 02:50:07,436 - INFO - 已输入邮箱: ParshallQuicksey@gmail.com
2024-12-15 02:50:08,438 - INFO - 准备输入密码...
2024-12-15 02:50:08,557 - INFO - 密码已输入
2024-12-15 02:50:09,559 - INFO - 检查是否存在hCaptcha验证...
2024-12-15 02:51:54,226 - ERROR - 等待下一步超时（100秒）
2024-12-15 02:51:54,226 - INFO - 第1次重试提交...
2024-12-15 02:53:50,041 - ERROR - 等待下一步超时（100秒）
2024-12-15 02:53:50,042 - INFO - 第2次重试提交...
2024-12-15 02:55:38,634 - ERROR - 等待下一步超时（100秒）
2024-12-15 02:55:38,635 - INFO - 第3次重试提交...
2024-12-15 02:57:26,772 - ERROR - 等待下一步超时（100秒）
2024-12-15 02:57:26,773 - INFO - 第4次重试提交...
2024-12-15 02:59:15,411 - ERROR - 等待下一步超时（100秒）
2024-12-15 02:59:15,411 - INFO - 第5次重试提交...
2024-12-15 02:59:17,417 - ERROR - 尝试5次后仍未能进入下一步
2024-12-15 02:59:17,417 - ERROR - Shopify注册失败
