2024-12-13 14:31:27,362 - INFO - 开始执行自动化流程...
2024-12-13 14:31:27,567 - INFO - 开始处理商店: Handle Financial, Inc.
2024-12-13 14:31:27,662 - INFO - 正在启动浏览器: test002 (ID: kr4n5tc)
2024-12-13 14:31:31,410 - INFO - 成功创建WebDriver实例
2024-12-13 14:31:31,411 - INFO - 开始Gmail登录流程...
2024-12-13 14:31:41,510 - INFO - 正在输入邮箱...
2024-12-13 14:31:49,144 - INFO - 正在输入密码...
2024-12-13 14:31:52,557 - ERROR - 检查AdsPower Cookie失败: Expecting value: line 1 column 1 (char 0)
2024-12-13 14:32:08,162 - INFO - 通过Cookie检测到登录成功
2024-12-13 14:32:08,162 - INFO - 第1次快速检测登录成功
2024-12-13 14:32:09,166 - ERROR - 检查AdsPower Cookie失败: Expecting value: line 1 column 1 (char 0)
2024-12-13 14:32:09,175 - INFO - 通过Cookie检测到登录成功
2024-12-13 14:32:09,176 - INFO - 第2次快速检测登录成功
2024-12-13 14:32:10,179 - ERROR - 检查AdsPower Cookie失败: Expecting value: line 1 column 1 (char 0)
2024-12-13 14:32:10,187 - INFO - 通过Cookie检测到登录成功
2024-12-13 14:32:10,188 - INFO - 第3次快速检测登录成功
2024-12-13 14:32:12,216 - INFO - Gmail登录成功，重新连接浏览器...
2024-12-13 14:32:12,217 - INFO - 尝试重新连接到浏览器...
2024-12-13 14:32:12,757 - INFO - 成功重新连接到浏览器
2024-12-13 14:32:12,761 - INFO - 浏览器重连成功
2024-12-13 14:32:12,761 - INFO - 开始Shopify注册流程...
2024-12-13 14:32:12,771 - INFO - Google登录状态有效
2024-12-13 14:32:12,771 - INFO - 开始Shopify注册流程...
2024-12-13 14:32:21,800 - INFO - 点击Start free trial按钮...
2024-12-13 14:32:29,271 - INFO - 等待Cloudflare验证...
2024-12-13 14:32:51,783 - INFO - Cloudflare验证通过，等待页面加载...
2024-12-13 14:32:54,846 - INFO - 注册页面加载完成，点击'Sign up with Google'按钮...
2024-12-13 14:33:06,520 - INFO - 成功跳转到Google登录页面
2024-12-13 14:34:47,771 - ERROR - 等待下一步超时（100秒）
2024-12-13 14:34:47,771 - ERROR - 等待下一步超时
2024-12-13 14:34:47,771 - ERROR - Shopify注册失败
